SF:lib\models\health_metric_type.dart
DA:8,7
DA:10,7
DA:12,7
DA:14,7
DA:20,10
DA:22,10
DA:24,7
DA:26,7
DA:32,11
DA:34,11
DA:36,10
DA:38,10
DA:44,8
DA:45,8
DA:46,8
DA:48,8
DA:50,7
DA:53,2
DA:58,11
DA:60,11
DA:62,11
DA:64,10
LF:22
LH:22
end_of_record
SF:lib\models\health_record.dart
DA:11,7
DA:20,7
DA:21,7
DA:22,7
DA:23,14
DA:24,14
DA:25,14
DA:26,7
DA:31,7
DA:32,7
DA:33,7
DA:34,14
DA:35,7
DA:36,14
DA:37,7
DA:42,2
DA:49,2
DA:50,2
DA:51,2
DA:52,0
DA:53,2
DA:54,0
DA:59,6
DA:61,12
DA:64,12
DA:65,24
DA:68,6
DA:69,6
DA:70,12
DA:76,3
DA:77,15
DA:81,2
DA:82,14
DA:83,8
DA:84,8
DA:87,3
DA:91,3
DA:92,9
DA:93,9
DA:94,6
DA:95,6
DA:96,6
DA:99,0
DA:101,0
DA:102,0
DA:103,0
DA:104,0
DA:105,0
DA:108,0
DA:110,0
DA:111,0
LF:51
LH:40
end_of_record
SF:lib\database\sqlite_health_database.dart
DA:17,11
DA:20,11
DA:21,22
DA:22,11
DA:26,11
DA:29,11
DA:30,11
DA:32,0
DA:33,0
DA:36,11
DA:39,11
DA:44,11
DA:45,11
DA:57,11
DA:62,11
DA:67,11
DA:69,11
DA:72,6
DA:74,6
DA:77,12
DA:78,6
DA:79,6
DA:81,6
DA:89,10
DA:91,10
DA:93,10
DA:98,28
DA:101,6
DA:103,6
DA:105,6
DA:108,12
DA:112,24
DA:115,2
DA:117,2
DA:120,4
DA:121,2
DA:124,2
DA:129,10
DA:131,10
DA:133,10
DA:134,10
DA:139,8
DA:140,8
DA:142,8
DA:144,16
DA:147,12
DA:151,8
DA:152,8
DA:154,8
DA:157,16
DA:162,8
DA:163,10
DA:167,3
DA:172,3
DA:175,3
DA:176,3
DA:177,3
DA:181,2
DA:182,4
DA:185,3
DA:192,12
LF:61
LH:59
end_of_record
SF:lib\repositories\health_repository.dart
DA:40,4
DA:42,2
DA:43,4
DA:51,2
DA:53,0
DA:54,0
LF:6
LH:4
end_of_record
SF:lib\repositories\local_health_repository.dart
DA:9,10
DA:11,5
DA:15,5
DA:16,8
DA:20,10
DA:21,4
DA:24,0
DA:28,9
DA:31,18
DA:33,6
DA:37,5
DA:40,10
DA:42,0
DA:46,7
DA:49,14
DA:50,14
DA:53,0
DA:54,0
DA:56,6
DA:60,7
DA:63,14
DA:64,14
DA:67,0
DA:68,0
DA:70,6
DA:74,2
DA:81,4
DA:82,4
DA:90,0
DA:91,0
DA:93,0
DA:94,0
DA:95,0
DA:96,0
DA:98,0
DA:102,1
DA:105,2
DA:107,0
DA:112,4
DA:113,4
DA:116,8
DA:117,4
DA:121,8
DA:122,14
DA:123,16
DA:127,4
DA:128,4
DA:129,8
DA:130,1
DA:133,4
DA:137,4
DA:141,3
DA:142,3
DA:145,6
DA:146,3
DA:150,6
DA:151,12
DA:152,12
DA:156,3
DA:157,3
DA:158,6
DA:159,2
DA:166,1
DA:167,2
LF:64
LH:50
end_of_record
SF:lib\blocs\health_tracking_bloc.dart
DA:11,16
DA:12,16
DA:13,16
DA:14,16
DA:15,16
DA:16,16
DA:17,16
DA:18,16
DA:22,1
DA:26,1
DA:30,2
DA:31,1
DA:32,2
DA:34,1
DA:35,2
DA:41,3
DA:44,2
DA:45,1
DA:46,3
DA:50,0
DA:51,0
DA:52,0
DA:53,0
DA:55,0
DA:58,0
DA:60,0
DA:66,5
DA:70,5
DA:73,10
DA:74,6
DA:75,2
DA:76,4
DA:78,2
DA:81,0
DA:83,0
DA:89,0
DA:93,0
DA:96,0
DA:97,0
DA:98,0
DA:100,0
DA:102,0
DA:104,0
DA:105,0
DA:107,0
DA:110,0
DA:112,0
DA:118,0
DA:122,0
DA:125,0
DA:126,0
DA:127,0
DA:128,0
DA:131,0
DA:133,0
DA:135,0
DA:136,0
DA:138,0
DA:141,0
DA:143,0
DA:149,0
DA:153,0
DA:156,0
DA:158,0
DA:161,0
DA:162,0
DA:164,0
DA:167,0
DA:169,0
DA:175,3
DA:180,9
DA:181,3
DA:182,2
DA:183,4
DA:185,2
DA:188,0
DA:190,0
DA:196,3
DA:201,9
DA:202,9
DA:203,2
DA:204,4
DA:206,2
DA:209,0
DA:211,0
DA:217,1
DA:219,1
DA:220,1
DA:221,1
LF:89
LH:42
end_of_record
SF:lib\blocs\health_tracking_event.dart
DA:6,10
DA:8,0
DA:9,0
DA:16,1
DA:18,0
DA:19,0
DA:24,6
DA:31,6
DA:33,0
DA:34,0
DA:43,0
DA:49,0
DA:50,0
DA:57,0
DA:59,0
DA:60,0
DA:67,4
DA:69,0
DA:70,0
DA:77,4
DA:79,0
DA:80,0
LF:22
LH:6
end_of_record
SF:lib\blocs\health_tracking_state.dart
DA:6,13
DA:8,1
DA:9,1
DA:14,8
DA:19,8
DA:27,3
DA:32,0
DA:33,0
DA:36,0
DA:41,0
DA:42,0
DA:43,0
DA:53,1
DA:58,1
DA:59,3
DA:67,0
DA:72,0
DA:73,0
DA:81,1
DA:83,0
DA:84,0
DA:92,3
DA:94,0
DA:95,0
DA:103,2
DA:108,0
DA:109,0
DA:116,1
DA:118,1
DA:119,2
LF:30
LH:15
end_of_record
SF:lib\services\connectivity_service.dart
DA:6,12
DA:7,8
DA:8,4
DA:15,9
DA:18,8
DA:21,1
DA:23,2
DA:24,0
DA:28,1
DA:32,1
DA:33,2
DA:34,1
DA:38,1
DA:40,1
DA:41,4
DA:43,2
DA:44,1
DA:45,3
DA:48,1
DA:49,1
DA:50,3
DA:56,1
DA:57,1
DA:58,2
LF:24
LH:23
end_of_record
SF:lib\screens\main_navigation_screen.dart
DA:11,3
DA:13,3
DA:14,3
DA:21,6
DA:23,6
DA:28,0
DA:29,0
DA:30,0
DA:31,0
DA:35,3
DA:37,3
DA:38,3
DA:39,3
DA:41,3
DA:42,3
DA:43,3
DA:44,3
DA:49,3
DA:50,3
DA:51,1
DA:52,2
DA:53,1
DA:55,1
DA:56,0
DA:61,9
DA:62,3
DA:84,5
DA:86,3
DA:87,3
DA:91,3
DA:93,3
DA:95,3
DA:98,3
DA:99,6
DA:101,6
DA:102,6
DA:103,6
DA:107,3
DA:109,3
DA:110,3
DA:112,9
DA:113,3
DA:114,3
DA:117,3
DA:121,3
DA:122,0
DA:123,0
DA:125,3
DA:128,3
DA:130,3
DA:132,3
DA:137,3
DA:142,3
DA:147,3
DA:156,3
DA:157,3
DA:158,3
DA:160,3
DA:161,3
DA:168,3
DA:170,15
DA:176,3
DA:178,15
DA:179,3
DA:190,3
DA:191,3
DA:193,3
DA:194,3
DA:196,15
DA:203,9
DA:209,3
DA:210,3
DA:212,3
DA:213,3
DA:215,3
DA:216,6
DA:217,3
DA:219,3
DA:220,3
DA:221,3
DA:225,3
DA:226,3
DA:229,3
DA:230,6
DA:231,6
DA:234,0
DA:235,0
DA:242,3
DA:243,3
DA:245,3
DA:246,3
DA:248,3
DA:249,3
DA:251,15
DA:255,3
DA:256,0
DA:258,0
DA:259,0
DA:260,0
DA:271,9
DA:277,3
DA:278,3
DA:279,3
DA:280,3
DA:282,3
DA:284,3
DA:285,3
DA:286,3
DA:288,3
DA:289,6
DA:290,3
DA:292,3
DA:293,3
DA:294,3
DA:299,3
DA:300,3
DA:302,3
DA:303,3
DA:304,3
DA:311,3
DA:315,3
DA:325,3
DA:326,3
DA:327,0
DA:328,0
DA:330,0
DA:331,0
DA:332,0
DA:339,0
DA:340,0
DA:341,0
DA:343,0
DA:349,0
DA:351,0
DA:352,0
DA:359,3
DA:361,3
DA:362,3
DA:369,3
DA:370,3
DA:371,0
DA:373,0
DA:374,0
DA:375,0
DA:377,0
DA:378,0
DA:387,3
DA:389,3
DA:390,3
DA:391,3
DA:404,3
DA:405,3
DA:407,3
DA:408,3
DA:409,3
DA:411,3
DA:412,3
DA:413,3
DA:415,3
DA:418,3
DA:419,3
DA:421,3
DA:422,3
DA:433,0
DA:435,0
DA:437,0
DA:442,3
DA:444,3
DA:445,3
DA:446,3
DA:451,3
DA:453,3
DA:454,3
DA:455,3
LF:174
LH:140
end_of_record
SF:lib\screens\health_data_entry_screen.dart
DA:11,4
DA:16,4
DA:17,4
DA:28,4
DA:30,4
DA:32,12
DA:35,3
DA:37,6
DA:38,6
DA:39,3
DA:42,4
DA:44,4
DA:45,4
DA:47,12
DA:49,4
DA:50,3
DA:51,3
DA:52,0
DA:53,0
DA:57,0
DA:58,0
DA:59,0
DA:66,0
DA:67,3
DA:68,0
DA:69,0
DA:73,0
DA:74,0
DA:75,0
DA:80,3
DA:81,0
DA:82,0
DA:86,0
DA:87,0
DA:88,0
DA:96,4
DA:98,4
DA:99,4
DA:100,4
DA:102,4
DA:104,4
DA:105,4
DA:107,4
DA:108,4
DA:109,4
DA:112,12
DA:115,4
DA:117,16
DA:122,4
DA:124,16
DA:125,4
DA:137,4
DA:139,16
DA:145,8
DA:146,4
DA:148,4
DA:149,4
DA:150,4
DA:153,4
DA:154,24
DA:155,4
DA:156,4
DA:161,4
DA:162,1
DA:164,2
DA:165,1
DA:166,2
DA:170,12
DA:175,4
DA:178,4
DA:179,12
DA:180,16
DA:184,4
DA:186,4
DA:187,4
DA:189,4
DA:190,8
DA:192,4
DA:193,12
DA:194,8
DA:195,8
DA:197,12
DA:199,0
DA:200,0
DA:204,0
DA:209,0
DA:213,0
DA:214,0
DA:215,0
DA:222,4
DA:225,4
DA:227,16
DA:231,4
DA:233,4
DA:234,4
DA:244,4
DA:247,4
DA:248,8
DA:249,4
DA:251,4
DA:252,4
DA:255,4
DA:270,4
DA:273,4
DA:274,4
DA:286,4
DA:288,4
DA:289,1
DA:290,1
DA:295,4
DA:297,4
DA:298,1
DA:299,1
DA:304,0
DA:305,0
DA:310,0
DA:311,0
DA:314,0
DA:315,0
DA:317,0
DA:319,0
DA:320,0
DA:322,0
DA:327,0
DA:331,0
DA:332,0
DA:333,0
DA:334,0
LF:128
LH:90
end_of_record
SF:lib\screens\health_history_screen.dart
DA:8,6
DA:10,4
DA:11,4
DA:17,4
DA:19,4
DA:21,12
DA:24,4
DA:26,4
DA:27,4
DA:29,12
DA:30,4
DA:32,4
DA:35,0
DA:36,0
DA:37,0
DA:39,0
DA:41,0
DA:53,0
DA:55,0
DA:56,0
DA:57,0
DA:59,0
DA:67,4
DA:68,4
DA:69,4
DA:80,4
DA:81,0
DA:82,0
DA:84,0
DA:85,0
DA:88,0
DA:91,0
DA:93,0
DA:96,0
DA:97,0
DA:98,0
DA:102,0
DA:103,0
DA:104,0
DA:112,4
DA:113,0
DA:115,0
DA:116,0
DA:119,0
DA:123,4
DA:126,4
DA:127,0
DA:128,0
DA:137,4
DA:138,4
DA:139,4
DA:141,4
DA:143,4
DA:144,4
DA:147,4
DA:150,4
DA:151,4
DA:152,0
DA:153,0
DA:154,20
DA:155,4
DA:160,4
DA:161,4
DA:162,0
DA:163,0
DA:164,4
DA:165,4
DA:171,4
DA:172,1
DA:173,3
DA:177,4
DA:181,4
DA:183,0
DA:184,0
DA:185,0
DA:186,0
DA:188,0
DA:201,0
DA:203,0
DA:205,0
DA:206,0
DA:207,0
DA:208,0
DA:209,0
DA:213,0
DA:215,0
DA:216,0
DA:217,0
DA:218,0
DA:225,0
DA:226,0
DA:228,0
DA:230,0
DA:232,0
DA:233,0
DA:234,0
DA:236,0
DA:242,0
DA:244,0
DA:250,0
DA:251,0
DA:253,0
DA:254,0
DA:256,0
DA:257,0
DA:258,0
DA:260,0
DA:261,0
DA:262,0
DA:266,0
DA:267,0
DA:270,0
DA:272,0
DA:274,0
DA:275,0
DA:282,0
DA:283,0
DA:284,0
DA:285,0
DA:289,0
DA:291,0
DA:292,0
DA:293,0
DA:294,0
DA:304,0
DA:305,0
DA:306,0
DA:307,0
DA:311,0
DA:312,0
DA:319,0
DA:320,0
DA:321,0
DA:322,0
DA:323,0
DA:324,0
DA:325,0
DA:326,0
DA:327,0
DA:328,0
DA:331,0
DA:334,0
DA:337,0
DA:338,0
DA:339,0
DA:340,0
DA:341,0
DA:344,0
DA:345,0
DA:346,0
DA:356,0
DA:357,0
DA:359,0
DA:361,0
DA:362,0
DA:364,0
DA:365,0
DA:369,0
DA:370,0
DA:378,0
DA:379,0
DA:381,0
DA:382,0
DA:383,0
DA:386,0
DA:387,0
DA:388,0
DA:389,0
DA:390,0
DA:392,0
DA:396,0
DA:397,0
DA:401,0
DA:402,0
DA:403,0
DA:404,0
DA:405,0
DA:406,0
DA:408,0
DA:410,0
DA:413,0
DA:418,0
DA:419,0
DA:423,0
DA:425,0
DA:426,0
DA:427,0
DA:432,0
DA:434,0
DA:435,0
DA:436,0
DA:447,0
LF:192
LH:39
end_of_record
SF:lib\widgets\offline_indicator.dart
DA:6,5
DA:8,3
DA:9,3
DA:16,3
DA:18,3
DA:19,9
DA:20,9
DA:21,0
DA:22,0
DA:23,0
DA:29,3
DA:31,3
DA:35,3
DA:38,3
DA:39,3
DA:40,3
DA:41,3
DA:43,3
DA:47,3
DA:48,3
DA:50,3
DA:51,3
LF:22
LH:19
end_of_record
SF:lib\main.dart
DA:9,0
DA:10,0
DA:13,0
DA:14,0
DA:17,0
DA:20,0
DA:22,0
DA:28,1
DA:33,1
DA:35,1
DA:36,3
DA:37,1
DA:39,1
DA:40,1
DA:49,1
DA:51,1
DA:52,1
LF:17
LH:10
end_of_record
